c:\users\user\documents\visual studio 2015\projects\etcong\etcong\debug\etcong.pch
c:\users\user\documents\visual studio 2015\projects\etcong\etcong\debug\vc140.pdb
c:\users\user\documents\visual studio 2015\projects\etcong\etcong\debug\vc140.idb
c:\users\user\documents\visual studio 2015\projects\etcong\etcong\debug\stdafx.obj
c:\users\user\documents\visual studio 2015\projects\etcong\etcong\debug\customthread.obj
c:\users\user\documents\visual studio 2015\projects\etcong\etcong\debug\etcongdoc.obj
c:\users\user\documents\visual studio 2015\projects\etcong\etcong\debug\etcongview.obj
c:\users\user\documents\visual studio 2015\projects\etcong\etcong\debug\mainfrm.obj
c:\users\user\documents\visual studio 2015\projects\etcong\etcong\debug\myanimation.obj
c:\users\user\documents\visual studio 2015\projects\etcong\etcong\debug\newview.obj
c:\users\user\documents\visual studio 2015\projects\etcong\etcong\debug\oldview.obj
c:\users\user\documents\visual studio 2015\projects\etcong\etcong\debug\player.obj
c:\users\user\documents\visual studio 2015\projects\etcong\etcong\debug\screen_game.obj
c:\users\user\documents\visual studio 2015\projects\etcong\etcong\debug\screen_name.obj
c:\users\user\documents\visual studio 2015\projects\etcong\etcong\debug\screen_start.obj
c:\users\user\documents\visual studio 2015\projects\etcong\etcong\debug\soundplayer.obj
c:\users\user\documents\visual studio 2015\projects\etcong\etcong\debug\etcong.obj
c:\users\user\documents\visual studio 2015\projects\etcong\etcong\debug\screen_story.obj
c:\users\user\documents\visual studio 2015\projects\etcong\debug\etcong.ilk
c:\users\user\documents\visual studio 2015\projects\etcong\debug\etcong.exe
c:\users\user\documents\visual studio 2015\projects\etcong\debug\etcong.pdb
c:\users\user\documents\visual studio 2015\projects\etcong\etcong\debug\etcong.res
c:\users\user\documents\visual studio 2015\projects\etcong\etcong\debug\etcong.tlog\cl.command.1.tlog
c:\users\user\documents\visual studio 2015\projects\etcong\etcong\debug\etcong.tlog\cl.read.1.tlog
c:\users\user\documents\visual studio 2015\projects\etcong\etcong\debug\etcong.tlog\cl.write.1.tlog
c:\users\user\documents\visual studio 2015\projects\etcong\etcong\debug\etcong.tlog\link.command.1.tlog
c:\users\user\documents\visual studio 2015\projects\etcong\etcong\debug\etcong.tlog\link.read.1.tlog
c:\users\user\documents\visual studio 2015\projects\etcong\etcong\debug\etcong.tlog\link.write.1.tlog
c:\users\user\documents\visual studio 2015\projects\etcong\etcong\debug\etcong.tlog\rc.command.1.tlog
c:\users\user\documents\visual studio 2015\projects\etcong\etcong\debug\etcong.tlog\rc.read.1.tlog
c:\users\user\documents\visual studio 2015\projects\etcong\etcong\debug\etcong.tlog\rc.write.1.tlog
