<<<<<<< HEAD:ETCONG/x64/Debug/ETCONG.Build.CppClean.log
d:\우호진\숭실대\2학년\윈플\project\code\etcong\etcong\x64\debug\etcong.pch
d:\우호진\숭실대\2학년\윈플\project\code\etcong\etcong\x64\debug\vc140.pdb
d:\우호진\숭실대\2학년\윈플\project\code\etcong\etcong\x64\debug\vc140.idb
d:\우호진\숭실대\2학년\윈플\project\code\etcong\etcong\x64\debug\stdafx.obj
d:\우호진\숭실대\2학년\윈플\project\code\etcong\etcong\x64\debug\bulletcalculate.obj
d:\우호진\숭실대\2학년\윈플\project\code\etcong\etcong\x64\debug\customthread.obj
d:\우호진\숭실대\2학년\윈플\project\code\etcong\etcong\x64\debug\enemy.obj
d:\우호진\숭실대\2학년\윈플\project\code\etcong\etcong\x64\debug\etcong.obj
d:\우호진\숭실대\2학년\윈플\project\code\etcong\etcong\x64\debug\etcongdoc.obj
d:\우호진\숭실대\2학년\윈플\project\code\etcong\etcong\x64\debug\etcongview.obj
d:\우호진\숭실대\2학년\윈플\project\code\etcong\etcong\x64\debug\gamegraphics.obj
d:\우호진\숭실대\2학년\윈플\project\code\etcong\etcong\x64\debug\mainfrm.obj
d:\우호진\숭실대\2학년\윈플\project\code\etcong\etcong\x64\debug\myanimation.obj
d:\우호진\숭실대\2학년\윈플\project\code\etcong\etcong\x64\debug\newview.obj
d:\우호진\숭실대\2학년\윈플\project\code\etcong\etcong\x64\debug\player.obj
d:\우호진\숭실대\2학년\윈플\project\code\etcong\etcong\x64\debug\screen_game.obj
d:\우호진\숭실대\2학년\윈플\project\code\etcong\etcong\x64\debug\screen_name.obj
d:\우호진\숭실대\2학년\윈플\project\code\etcong\etcong\x64\debug\screen_start.obj
d:\우호진\숭실대\2학년\윈플\project\code\etcong\etcong\x64\debug\screen_story.obj
d:\우호진\숭실대\2학년\윈플\project\code\etcong\etcong\x64\debug\soundplayer.obj
d:\우호진\숭실대\2학년\윈플\project\code\etcong\x64\debug\etcong.ilk
d:\우호진\숭실대\2학년\윈플\project\code\etcong\x64\debug\etcong.exe
d:\우호진\숭실대\2학년\윈플\project\code\etcong\x64\debug\etcong.pdb
d:\우호진\숭실대\2학년\윈플\project\code\etcong\etcong\x64\debug\etcong.res
d:\우호진\숭실대\2학년\윈플\project\code\etcong\etcong\x64\debug\etcong.tlog\cl.command.1.tlog
d:\우호진\숭실대\2학년\윈플\project\code\etcong\etcong\x64\debug\etcong.tlog\cl.read.1.tlog
d:\우호진\숭실대\2학년\윈플\project\code\etcong\etcong\x64\debug\etcong.tlog\cl.write.1.tlog
d:\우호진\숭실대\2학년\윈플\project\code\etcong\etcong\x64\debug\etcong.tlog\link.command.1.tlog
d:\우호진\숭실대\2학년\윈플\project\code\etcong\etcong\x64\debug\etcong.tlog\link.read.1.tlog
d:\우호진\숭실대\2학년\윈플\project\code\etcong\etcong\x64\debug\etcong.tlog\link.write.1.tlog
d:\우호진\숭실대\2학년\윈플\project\code\etcong\etcong\x64\debug\etcong.tlog\rc.command.1.tlog
d:\우호진\숭실대\2학년\윈플\project\code\etcong\etcong\x64\debug\etcong.tlog\rc.read.1.tlog
d:\우호진\숭실대\2학년\윈플\project\code\etcong\etcong\x64\debug\etcong.tlog\rc.write.1.tlog
=======
c:\users\user\desktop\etcongproj\etcong\debug\etcong.pch
c:\users\user\desktop\etcongproj\etcong\debug\vc140.pdb
c:\users\user\desktop\etcongproj\etcong\debug\vc140.idb
c:\users\user\desktop\etcongproj\etcong\debug\stdafx.obj
c:\users\user\desktop\etcongproj\etcong\debug\bulletcalculate.obj
c:\users\user\desktop\etcongproj\etcong\debug\customthread.obj
c:\users\user\desktop\etcongproj\etcong\debug\etcong.obj
c:\users\user\desktop\etcongproj\etcong\debug\etcongdoc.obj
c:\users\user\desktop\etcongproj\etcong\debug\etcongview.obj
c:\users\user\desktop\etcongproj\etcong\debug\gamegraphics.obj
c:\users\user\desktop\etcongproj\etcong\debug\mainfrm.obj
c:\users\user\desktop\etcongproj\etcong\debug\myanimation.obj
c:\users\user\desktop\etcongproj\etcong\debug\newview.obj
c:\users\user\desktop\etcongproj\etcong\debug\player.obj
c:\users\user\desktop\etcongproj\etcong\debug\screen_game.obj
c:\users\user\desktop\etcongproj\etcong\debug\screen_name.obj
c:\users\user\desktop\etcongproj\etcong\debug\screen_start.obj
c:\users\user\desktop\etcongproj\etcong\debug\screen_story.obj
c:\users\user\desktop\etcongproj\etcong\debug\soundplayer.obj
c:\users\user\desktop\etcongproj\etcong\debug\enemy.obj
c:\users\user\desktop\etcongproj\debug\etcong.ilk
c:\users\user\desktop\etcongproj\debug\etcong.exe
c:\users\user\desktop\etcongproj\debug\etcong.pdb
c:\users\user\desktop\etcongproj\etcong\debug\etcong.res
c:\users\user\desktop\etcongproj\etcong\debug\etcong.tlog\cl.command.1.tlog
c:\users\user\desktop\etcongproj\etcong\debug\etcong.tlog\cl.read.1.tlog
c:\users\user\desktop\etcongproj\etcong\debug\etcong.tlog\cl.write.1.tlog
c:\users\user\desktop\etcongproj\etcong\debug\etcong.tlog\link.command.1.tlog
c:\users\user\desktop\etcongproj\etcong\debug\etcong.tlog\link.read.1.tlog
c:\users\user\desktop\etcongproj\etcong\debug\etcong.tlog\link.write.1.tlog
c:\users\user\desktop\etcongproj\etcong\debug\etcong.tlog\rc.command.1.tlog
c:\users\user\desktop\etcongproj\etcong\debug\etcong.tlog\rc.read.1.tlog
c:\users\user\desktop\etcongproj\etcong\debug\etcong.tlog\rc.write.1.tlog
>>>>>>> parent of e2f5a74... Hello:ETCONG/Debug/ETCONG.Build.CppClean.log
